2019-04-26 10:13:32.088 ERROR 2024 --- [pool-1-thread-24] c.j.t.S.ScheduledTest_Reserve            : 金牛财经新闻开始---------------------------------
2019-04-26 10:13:32.087 ERROR 2024 --- [pool-1-thread-18] c.j.t.S.ScheduledTest_Reserve            : 未来财经---------------------------------
2019-04-26 10:13:32.087 ERROR 2024 --- [pool-1-thread-19] c.j.t.S.ScheduledTest_Reserve            : 链氪财经---------------------------------
2019-04-26 10:13:32.087 ERROR 2024 --- [pool-1-thread-15] c.j.t.S.ScheduledTest_Reserve            : 星球日报---------------------------------
2019-04-26 10:13:32.086 ERROR 2024 --- [pool-1-thread-4] c.j.t.S.ScheduledTest_Reserve            : Fintech News---------------------------------
2019-04-26 10:13:32.086 ERROR 2024 --- [pool-1-thread-7] c.j.t.S.ScheduledTest_Reserve            : bitcoin86---------------------------------
2019-04-26 10:13:32.087 ERROR 2024 --- [pool-1-thread-23] c.j.t.S.ScheduledTest_Reserve            : 链闻公司---------------------------------
2019-04-26 10:13:32.086 ERROR 2024 --- [pool-1-thread-8] c.j.t.S.ScheduledTest_Reserve            : 深链财经---------------------------------
2019-04-26 10:13:32.086 ERROR 2024 --- [pool-1-thread-9] c.j.t.S.ScheduledTest_Reserve            : 币行情---------------------------------
2019-04-26 10:13:32.086 ERROR 2024 --- [pool-1-thread-3] c.j.t.S.ScheduledTest_Reserve            : 币原---------------------------------
2019-04-26 10:13:32.078 ERROR 2024 --- [pool-1-thread-2] c.j.t.S.ScheduledTest_Reserve            : 师太说---------------------------------
2019-04-26 10:13:32.087 ERROR 2024 --- [pool-1-thread-17] c.j.t.S.ScheduledTest_Reserve            : 布洛克科技---------------------------------
2019-04-26 10:13:32.088 ERROR 2024 --- [pool-1-thread-21] c.j.t.S.ScheduledTest_Reserve            : 巴比特新闻开始---------------------------------
2019-04-26 10:13:32.086 ERROR 2024 --- [pool-1-thread-6] c.j.t.S.ScheduledTest_Reserve            : 挖链网推荐---------------------------------
2019-04-26 10:13:32.087 ERROR 2024 --- [pool-1-thread-12] c.j.t.S.ScheduledTest_Reserve            : 白话区块链---------------------------------
2019-04-26 10:13:32.087 ERROR 2024 --- [pool-1-thread-16] c.j.t.S.ScheduledTest_Reserve            : 火讯财经---------------------------------
2019-04-26 10:13:32.078 ERROR 2024 --- [pool-1-thread-1] c.j.t.S.ScheduledTest_Reserve            : 挖矿机---------------------------------
2019-04-26 10:13:32.087 ERROR 2024 --- [pool-1-thread-11] c.j.t.S.ScheduledTest_Reserve            : 小葱---------------------------------
2019-04-26 10:13:32.088 ERROR 2024 --- [pool-1-thread-14] c.j.t.S.ScheduledTest_Reserve            : 火星财经新闻开始---------------------------------
2019-04-26 10:13:32.078 ERROR 2024 --- [pool-1-thread-5] c.j.t.S.ScheduledTest_Reserve            : 鸵鸟区块链---------------------------------
2019-04-26 10:13:32.087 ERROR 2024 --- [pool-1-thread-10] c.j.t.S.ScheduledTest_Reserve            : 陀螺财经---------------------------------
2019-04-26 10:13:32.088 ERROR 2024 --- [pool-1-thread-22] c.j.t.S.ScheduledTest_Reserve            : 金色财经新闻开始---------------------------------
2019-04-26 10:13:32.088 ERROR 2024 --- [pool-1-thread-20] c.j.t.S.ScheduledTest_Reserve            : 币原---------------------------------
2019-04-26 10:13:39.765 ERROR 2024 --- [pool-1-thread-22] com.jnk.test.util.JsoupUtilPor           : java.net.UnknownHostException: www.jinse.com
	at java.net.AbstractPlainSocketImpl.connect(AbstractPlainSocketImpl.java:184)
	at java.net.PlainSocketImpl.connect(PlainSocketImpl.java:172)
	at java.net.SocksSocketImpl.connect(SocksSocketImpl.java:392)
	at java.net.Socket.connect(Socket.java:589)
	at sun.security.ssl.SSLSocketImpl.connect(SSLSocketImpl.java:673)
	at sun.net.NetworkClient.doConnect(NetworkClient.java:175)
	at sun.net.www.http.HttpClient.openServer(HttpClient.java:463)
	at sun.net.www.http.HttpClient.openServer(HttpClient.java:558)
	at sun.net.www.protocol.https.HttpsClient.<init>(HttpsClient.java:264)
	at sun.net.www.protocol.https.HttpsClient.New(HttpsClient.java:367)
	at sun.net.www.protocol.https.AbstractDelegateHttpsURLConnection.getNewHttpClient(AbstractDelegateHttpsURLConnection.java:191)
	at sun.net.www.protocol.http.HttpURLConnection.plainConnect0(HttpURLConnection.java:1156)
	at sun.net.www.protocol.http.HttpURLConnection.plainConnect(HttpURLConnection.java:1050)
	at sun.net.www.protocol.https.AbstractDelegateHttpsURLConnection.connect(AbstractDelegateHttpsURLConnection.java:177)
	at sun.net.www.protocol.https.HttpsURLConnectionImpl.connect(HttpsURLConnectionImpl.java:162)
	at org.jsoup.helper.HttpConnection$Response.execute(HttpConnection.java:651)
	at org.jsoup.helper.HttpConnection$Response.execute(HttpConnection.java:628)
	at org.jsoup.helper.HttpConnection.execute(HttpConnection.java:260)
	at com.jnk.test.util.JsoupUtilPor.get(JsoupUtilPor.java:27)
	at com.jnk.test.crawl.DowloadPage_task.JinseDownloadPage(DowloadPage_task.java:239)
	at com.jnk.test.ScheduledTask.ScheduledTest_Reserve.jinse_task(ScheduledTest_Reserve.java:48)
	at sun.reflect.NativeMethodAccessorImpl.invoke0(Native Method)
	at sun.reflect.NativeMethodAccessorImpl.invoke(NativeMethodAccessorImpl.java:62)
	at sun.reflect.DelegatingMethodAccessorImpl.invoke(DelegatingMethodAccessorImpl.java:43)
	at java.lang.reflect.Method.invoke(Method.java:498)
	at org.springframework.scheduling.support.ScheduledMethodRunnable.run(ScheduledMethodRunnable.java:84)
	at org.springframework.scheduling.support.DelegatingErrorHandlingRunnable.run(DelegatingErrorHandlingRunnable.java:54)
	at java.util.concurrent.Executors$RunnableAdapter.call(Executors.java:511)
	at java.util.concurrent.FutureTask.runAndReset(FutureTask.java:308)
	at java.util.concurrent.ScheduledThreadPoolExecutor$ScheduledFutureTask.access$301(ScheduledThreadPoolExecutor.java:180)
	at java.util.concurrent.ScheduledThreadPoolExecutor$ScheduledFutureTask.run(ScheduledThreadPoolExecutor.java:294)
	at java.util.concurrent.ThreadPoolExecutor.runWorker(ThreadPoolExecutor.java:1149)
	at java.util.concurrent.ThreadPoolExecutor$Worker.run(ThreadPoolExecutor.java:624)
	at java.lang.Thread.run(Thread.java:748)

2019-04-26 10:13:43.160 ERROR 2024 --- [pool-1-thread-3] com.jnk.test.util.JsoupUtilPor           : java.net.UnknownHostException: www.coingogo.com
	at java.net.AbstractPlainSocketImpl.connect(AbstractPlainSocketImpl.java:184)
	at java.net.PlainSocketImpl.connect(PlainSocketImpl.java:172)
	at java.net.SocksSocketImpl.connect(SocksSocketImpl.java:392)
	at java.net.Socket.connect(Socket.java:589)
	at sun.security.ssl.SSLSocketImpl.connect(SSLSocketImpl.java:673)
	at sun.net.NetworkClient.doConnect(NetworkClient.java:175)
	at sun.net.www.http.HttpClient.openServer(HttpClient.java:463)
	at sun.net.www.http.HttpClient.openServer(HttpClient.java:558)
	at sun.net.www.protocol.https.HttpsClient.<init>(HttpsClient.java:264)
	at sun.net.www.protocol.https.HttpsClient.New(HttpsClient.java:367)
	at sun.net.www.protocol.https.AbstractDelegateHttpsURLConnection.getNewHttpClient(AbstractDelegateHttpsURLConnection.java:191)
	at sun.net.www.protocol.http.HttpURLConnection.plainConnect0(HttpURLConnection.java:1156)
	at sun.net.www.protocol.http.HttpURLConnection.plainConnect(HttpURLConnection.java:1050)
	at sun.net.www.protocol.https.AbstractDelegateHttpsURLConnection.connect(AbstractDelegateHttpsURLConnection.java:177)
	at sun.net.www.protocol.https.HttpsURLConnectionImpl.connect(HttpsURLConnectionImpl.java:162)
	at org.jsoup.helper.HttpConnection$Response.execute(HttpConnection.java:651)
	at org.jsoup.helper.HttpConnection$Response.execute(HttpConnection.java:628)
	at org.jsoup.helper.HttpConnection.execute(HttpConnection.java:260)
	at com.jnk.test.util.JsoupUtilPor.get(JsoupUtilPor.java:27)
	at com.jnk.test.crawl.DowloadPage_task.biyuan(DowloadPage_task.java:1611)
	at com.jnk.test.ScheduledTask.ScheduledTest_Reserve.biyuan(ScheduledTest_Reserve.java:187)
	at sun.reflect.NativeMethodAccessorImpl.invoke0(Native Method)
	at sun.reflect.NativeMethodAccessorImpl.invoke(NativeMethodAccessorImpl.java:62)
	at sun.reflect.DelegatingMethodAccessorImpl.invoke(DelegatingMethodAccessorImpl.java:43)
	at java.lang.reflect.Method.invoke(Method.java:498)
	at org.springframework.scheduling.support.ScheduledMethodRunnable.run(ScheduledMethodRunnable.java:84)
	at org.springframework.scheduling.support.DelegatingErrorHandlingRunnable.run(DelegatingErrorHandlingRunnable.java:54)
	at java.util.concurrent.Executors$RunnableAdapter.call(Executors.java:511)
	at java.util.concurrent.FutureTask.runAndReset(FutureTask.java:308)
	at java.util.concurrent.ScheduledThreadPoolExecutor$ScheduledFutureTask.access$301(ScheduledThreadPoolExecutor.java:180)
	at java.util.concurrent.ScheduledThreadPoolExecutor$ScheduledFutureTask.run(ScheduledThreadPoolExecutor.java:294)
	at java.util.concurrent.ThreadPoolExecutor.runWorker(ThreadPoolExecutor.java:1149)
	at java.util.concurrent.ThreadPoolExecutor$Worker.run(ThreadPoolExecutor.java:624)
	at java.lang.Thread.run(Thread.java:748)

2019-04-26 10:14:02.137 ERROR 2024 --- [pool-1-thread-3] com.jnk.test.util.JsoupUtilPor           : java.net.UnknownHostException: www.coingogo.com
	at java.net.AbstractPlainSocketImpl.connect(AbstractPlainSocketImpl.java:184)
	at java.net.PlainSocketImpl.connect(PlainSocketImpl.java:172)
	at java.net.SocksSocketImpl.connect(SocksSocketImpl.java:392)
	at java.net.Socket.connect(Socket.java:589)
	at sun.security.ssl.SSLSocketImpl.connect(SSLSocketImpl.java:673)
	at sun.net.NetworkClient.doConnect(NetworkClient.java:175)
	at sun.net.www.http.HttpClient.openServer(HttpClient.java:463)
	at sun.net.www.http.HttpClient.openServer(HttpClient.java:558)
	at sun.net.www.protocol.https.HttpsClient.<init>(HttpsClient.java:264)
	at sun.net.www.protocol.https.HttpsClient.New(HttpsClient.java:367)
	at sun.net.www.protocol.https.AbstractDelegateHttpsURLConnection.getNewHttpClient(AbstractDelegateHttpsURLConnection.java:191)
	at sun.net.www.protocol.http.HttpURLConnection.plainConnect0(HttpURLConnection.java:1156)
	at sun.net.www.protocol.http.HttpURLConnection.plainConnect(HttpURLConnection.java:1050)
	at sun.net.www.protocol.https.AbstractDelegateHttpsURLConnection.connect(AbstractDelegateHttpsURLConnection.java:177)
	at sun.net.www.protocol.https.HttpsURLConnectionImpl.connect(HttpsURLConnectionImpl.java:162)
	at org.jsoup.helper.HttpConnection$Response.execute(HttpConnection.java:651)
	at org.jsoup.helper.HttpConnection$Response.execute(HttpConnection.java:628)
	at org.jsoup.helper.HttpConnection.execute(HttpConnection.java:260)
	at com.jnk.test.util.JsoupUtilPor.get(JsoupUtilPor.java:27)
	at com.jnk.test.util.JsoupUtilPor.get(JsoupUtilPor.java:39)
	at com.jnk.test.crawl.DowloadPage_task.biyuan(DowloadPage_task.java:1611)
	at com.jnk.test.ScheduledTask.ScheduledTest_Reserve.biyuan(ScheduledTest_Reserve.java:187)
	at sun.reflect.NativeMethodAccessorImpl.invoke0(Native Method)
	at sun.reflect.NativeMethodAccessorImpl.invoke(NativeMethodAccessorImpl.java:62)
	at sun.reflect.DelegatingMethodAccessorImpl.invoke(DelegatingMethodAccessorImpl.java:43)
	at java.lang.reflect.Method.invoke(Method.java:498)
	at org.springframework.scheduling.support.ScheduledMethodRunnable.run(ScheduledMethodRunnable.java:84)
	at org.springframework.scheduling.support.DelegatingErrorHandlingRunnable.run(DelegatingErrorHandlingRunnable.java:54)
	at java.util.concurrent.Executors$RunnableAdapter.call(Executors.java:511)
	at java.util.concurrent.FutureTask.runAndReset(FutureTask.java:308)
	at java.util.concurrent.ScheduledThreadPoolExecutor$ScheduledFutureTask.access$301(ScheduledThreadPoolExecutor.java:180)
	at java.util.concurrent.ScheduledThreadPoolExecutor$ScheduledFutureTask.run(ScheduledThreadPoolExecutor.java:294)
	at java.util.concurrent.ThreadPoolExecutor.runWorker(ThreadPoolExecutor.java:1149)
	at java.util.concurrent.ThreadPoolExecutor$Worker.run(ThreadPoolExecutor.java:624)
	at java.lang.Thread.run(Thread.java:748)

2019-04-26 10:23:59.833 ERROR 2024 --- [pool-1-thread-17] c.j.t.S.ScheduledTest_Reserve            : 币行情---------------------------------
2019-04-26 10:25:15.080 ERROR 2024 --- [pool-1-thread-23] c.j.t.S.ScheduledTest_Reserve            : 币原---------------------------------
2019-04-26 10:25:21.592 ERROR 2024 --- [pool-1-thread-27] c.j.t.S.ScheduledTest_Reserve            : 师太说---------------------------------
2019-04-26 10:25:26.109 ERROR 2024 --- [pool-1-thread-23] com.jnk.test.util.JsoupUtilPor           : java.net.UnknownHostException: www.coingogo.com
	at java.net.AbstractPlainSocketImpl.connect(AbstractPlainSocketImpl.java:184)
	at java.net.PlainSocketImpl.connect(PlainSocketImpl.java:172)
	at java.net.SocksSocketImpl.connect(SocksSocketImpl.java:392)
	at java.net.Socket.connect(Socket.java:589)
	at sun.security.ssl.SSLSocketImpl.connect(SSLSocketImpl.java:673)
	at sun.net.NetworkClient.doConnect(NetworkClient.java:175)
	at sun.net.www.http.HttpClient.openServer(HttpClient.java:463)
	at sun.net.www.http.HttpClient.openServer(HttpClient.java:558)
	at sun.net.www.protocol.https.HttpsClient.<init>(HttpsClient.java:264)
	at sun.net.www.protocol.https.HttpsClient.New(HttpsClient.java:367)
	at sun.net.www.protocol.https.AbstractDelegateHttpsURLConnection.getNewHttpClient(AbstractDelegateHttpsURLConnection.java:191)
	at sun.net.www.protocol.http.HttpURLConnection.plainConnect0(HttpURLConnection.java:1156)
	at sun.net.www.protocol.http.HttpURLConnection.plainConnect(HttpURLConnection.java:1050)
	at sun.net.www.protocol.https.AbstractDelegateHttpsURLConnection.connect(AbstractDelegateHttpsURLConnection.java:177)
	at sun.net.www.protocol.https.HttpsURLConnectionImpl.connect(HttpsURLConnectionImpl.java:162)
	at org.jsoup.helper.HttpConnection$Response.execute(HttpConnection.java:651)
	at org.jsoup.helper.HttpConnection$Response.execute(HttpConnection.java:628)
	at org.jsoup.helper.HttpConnection.execute(HttpConnection.java:260)
	at com.jnk.test.util.JsoupUtilPor.get(JsoupUtilPor.java:27)
	at com.jnk.test.crawl.DowloadPage_task.biyuan(DowloadPage_task.java:1611)
	at com.jnk.test.ScheduledTask.ScheduledTest_Reserve.biyuan(ScheduledTest_Reserve.java:187)
	at sun.reflect.NativeMethodAccessorImpl.invoke0(Native Method)
	at sun.reflect.NativeMethodAccessorImpl.invoke(NativeMethodAccessorImpl.java:62)
	at sun.reflect.DelegatingMethodAccessorImpl.invoke(DelegatingMethodAccessorImpl.java:43)
	at java.lang.reflect.Method.invoke(Method.java:498)
	at org.springframework.scheduling.support.ScheduledMethodRunnable.run(ScheduledMethodRunnable.java:84)
	at org.springframework.scheduling.support.DelegatingErrorHandlingRunnable.run(DelegatingErrorHandlingRunnable.java:54)
	at java.util.concurrent.Executors$RunnableAdapter.call(Executors.java:511)
	at java.util.concurrent.FutureTask.runAndReset(FutureTask.java:308)
	at java.util.concurrent.ScheduledThreadPoolExecutor$ScheduledFutureTask.access$301(ScheduledThreadPoolExecutor.java:180)
	at java.util.concurrent.ScheduledThreadPoolExecutor$ScheduledFutureTask.run(ScheduledThreadPoolExecutor.java:294)
	at java.util.concurrent.ThreadPoolExecutor.runWorker(ThreadPoolExecutor.java:1149)
	at java.util.concurrent.ThreadPoolExecutor$Worker.run(ThreadPoolExecutor.java:624)
	at java.lang.Thread.run(Thread.java:748)

2019-04-26 10:25:26.400 ERROR 2024 --- [pool-1-thread-25] c.j.t.S.ScheduledTest_Reserve            : 白话区块链---------------------------------
2019-04-26 10:25:56.565 ERROR 2024 --- [pool-1-thread-15] c.j.t.S.ScheduledTest_Reserve            : 挖矿机---------------------------------
2019-04-26 10:28:22.764 ERROR 2024 --- [pool-1-thread-5] c.j.t.S.ScheduledTest_Reserve            : 币行情---------------------------------
2019-04-26 10:31:34.799 ERROR 2024 --- [pool-1-thread-4] c.j.t.S.ScheduledTest_Reserve            : 币行情---------------------------------
